{"message":"Cast to ObjectId failed for value \"5b8143fd3c2d7414fd2d778\" at path \"_id\" for model \"Genre\"","stack":"CastError: Cast to ObjectId failed for value \"5b8143fd3c2d7414fd2d778\" at path \"_id\" for model \"Genre\"\n    at new CastError (/home/pjeferson/Projects/JavaScript/rest-course/vidly/node_modules/mongoose/lib/error/cast.js:29:11)\n    at ObjectId.cast (/home/pjeferson/Projects/JavaScript/rest-course/vidly/node_modules/mongoose/lib/schema/objectid.js:155:13)\n    at ObjectId.SchemaType.applySetters (/home/pjeferson/Projects/JavaScript/rest-course/vidly/node_modules/mongoose/lib/schematype.js:750:12)\n    at ObjectId.SchemaType._castForQuery (/home/pjeferson/Projects/JavaScript/rest-course/vidly/node_modules/mongoose/lib/schematype.js:1139:15)\n    at ObjectId.SchemaType.castForQuery (/home/pjeferson/Projects/JavaScript/rest-course/vidly/node_modules/mongoose/lib/schematype.js:1129:15)\n    at ObjectId.SchemaType.castForQueryWrapper (/home/pjeferson/Projects/JavaScript/rest-course/vidly/node_modules/mongoose/lib/schematype.js:1108:15)\n    at cast (/home/pjeferson/Projects/JavaScript/rest-course/vidly/node_modules/mongoose/lib/cast.js:303:32)\n    at model.Query.Query.cast (/home/pjeferson/Projects/JavaScript/rest-course/vidly/node_modules/mongoose/lib/query.js:3829:12)\n    at castQuery (/home/pjeferson/Projects/JavaScript/rest-course/vidly/node_modules/mongoose/lib/query.js:3702:18)\n    at model.Query.Query._findAndModify (/home/pjeferson/Projects/JavaScript/rest-course/vidly/node_modules/mongoose/lib/query.js:2907:17)\n    at model.Query.Query._findOneAndRemove (/home/pjeferson/Projects/JavaScript/rest-course/vidly/node_modules/mongoose/lib/query.js:2866:8)\n    at process.nextTick (/home/pjeferson/Projects/JavaScript/rest-course/vidly/node_modules/kareem/index.js:333:33)\n    at _combinedTickCallback (internal/process/next_tick.js:131:7)\n    at process._tickCallback (internal/process/next_tick.js:180:9)","name":"CastError","stringValue":"\"5b8143fd3c2d7414fd2d778\"","kind":"ObjectId","value":"5b8143fd3c2d7414fd2d778","path":"_id","level":"error","timestamp":"2018-08-25T14:08:02.664Z"}
{"message":"Cast to ObjectId failed for value \"5b8143fd3c2d7414fd2d778\" at path \"_id\" for model \"Genre\"","stack":"CastError: Cast to ObjectId failed for value \"5b8143fd3c2d7414fd2d778\" at path \"_id\" for model \"Genre\"\n    at new CastError (/home/pjeferson/Projects/JavaScript/rest-course/vidly/node_modules/mongoose/lib/error/cast.js:29:11)\n    at ObjectId.cast (/home/pjeferson/Projects/JavaScript/rest-course/vidly/node_modules/mongoose/lib/schema/objectid.js:155:13)\n    at ObjectId.SchemaType.applySetters (/home/pjeferson/Projects/JavaScript/rest-course/vidly/node_modules/mongoose/lib/schematype.js:750:12)\n    at ObjectId.SchemaType._castForQuery (/home/pjeferson/Projects/JavaScript/rest-course/vidly/node_modules/mongoose/lib/schematype.js:1139:15)\n    at ObjectId.SchemaType.castForQuery (/home/pjeferson/Projects/JavaScript/rest-course/vidly/node_modules/mongoose/lib/schematype.js:1129:15)\n    at ObjectId.SchemaType.castForQueryWrapper (/home/pjeferson/Projects/JavaScript/rest-course/vidly/node_modules/mongoose/lib/schematype.js:1108:15)\n    at cast (/home/pjeferson/Projects/JavaScript/rest-course/vidly/node_modules/mongoose/lib/cast.js:303:32)\n    at model.Query.Query.cast (/home/pjeferson/Projects/JavaScript/rest-course/vidly/node_modules/mongoose/lib/query.js:3829:12)\n    at castQuery (/home/pjeferson/Projects/JavaScript/rest-course/vidly/node_modules/mongoose/lib/query.js:3702:18)\n    at model.Query.Query._findAndModify (/home/pjeferson/Projects/JavaScript/rest-course/vidly/node_modules/mongoose/lib/query.js:2907:17)\n    at model.Query.Query._findOneAndRemove (/home/pjeferson/Projects/JavaScript/rest-course/vidly/node_modules/mongoose/lib/query.js:2866:8)\n    at process.nextTick (/home/pjeferson/Projects/JavaScript/rest-course/vidly/node_modules/kareem/index.js:333:33)\n    at _combinedTickCallback (internal/process/next_tick.js:131:7)\n    at process._tickCallback (internal/process/next_tick.js:180:9)","name":"CastError","stringValue":"\"5b8143fd3c2d7414fd2d778\"","kind":"ObjectId","value":"5b8143fd3c2d7414fd2d778","path":"_id","level":"error","timestamp":"2018-08-25T14:13:55.102Z"}
{"level":"info","message":"Connected to MongoDB...","timestamp":"2018-08-25T14:47:52.411Z"}
{"level":"info","message":"Connected to MongoDB...","timestamp":"2018-08-25T14:50:41.518Z"}
{"level":"info","message":"Connected to MongoDB...","timestamp":"2018-08-25T14:52:36.002Z"}
{"level":"info","message":"Connected to MongoDB...","timestamp":"2018-08-25T14:52:45.422Z"}
{"level":"info","message":"Connected to MongoDB...","timestamp":"2018-08-25T14:54:28.989Z"}
{"level":"info","message":"Connected to MongoDB...","timestamp":"2018-08-25T14:54:54.440Z"}
{"level":"info","message":"Connected to MongoDB...","timestamp":"2018-08-25T14:55:14.337Z"}
{"level":"info","message":"Connected to MongoDB...","timestamp":"2018-08-25T14:55:30.827Z"}
{"level":"info","message":"Connected to MongoDB...","timestamp":"2018-08-25T14:55:35.717Z"}
{"level":"info","message":"Connected to MongoDB...","timestamp":"2018-08-25T14:56:17.588Z"}
{"level":"info","message":"Connected to MongoDB...","timestamp":"2018-08-25T14:56:24.733Z"}
{"level":"info","message":"Connected to MongoDB...","timestamp":"2018-08-25T14:56:48.620Z"}
{"level":"info","message":"Connected to MongoDB...","timestamp":"2018-08-25T14:57:55.845Z"}
{"level":"info","message":"Connected to MongoDB...","timestamp":"2018-08-25T14:59:00.576Z"}
{"level":"info","message":"Connected to MongoDB...","timestamp":"2018-08-25T14:59:13.735Z"}
{"level":"info","message":"Connected to MongoDB...","timestamp":"2018-08-25T14:59:24.474Z"}
{"level":"info","message":"Connected to MongoDB...","timestamp":"2018-08-25T14:59:38.241Z"}
{"level":"info","message":"Connected to MongoDB...","timestamp":"2018-08-25T14:59:49.767Z"}
{"level":"info","message":"Connected to MongoDB...","timestamp":"2018-08-25T15:00:02.968Z"}
{"level":"info","message":"Connected to MongoDB...","timestamp":"2018-08-25T15:00:14.549Z"}
{"level":"info","message":"Listening on port 3000...","timestamp":"2018-08-25T15:01:34.436Z"}
{"level":"info","message":"Connected to MongoDB...","timestamp":"2018-08-25T15:01:34.631Z"}
{"level":"info","message":"Listening on port 3000...","timestamp":"2018-08-25T15:01:52.176Z"}
{"level":"info","message":"Connected to MongoDB...","timestamp":"2018-08-25T15:01:52.395Z"}
{"level":"info","message":"Listening on port 3000...","timestamp":"2018-08-25T15:03:57.222Z"}
{"level":"info","message":"Connected to MongoDB...","timestamp":"2018-08-25T15:03:57.430Z"}
{"level":"info","message":"Listening on port 3000...","timestamp":"2018-08-25T15:04:18.533Z"}
{"level":"info","message":"Connected to MongoDB...","timestamp":"2018-08-25T15:04:18.742Z"}
{"level":"info","message":"Listening on port 3000...","timestamp":"2018-08-25T15:04:28.905Z"}
{"level":"info","message":"Connected to MongoDB...","timestamp":"2018-08-25T15:04:29.106Z"}
{"level":"info","message":"Listening on port 3000...","timestamp":"2018-08-25T15:04:41.700Z"}
{"level":"info","message":"Connected to MongoDB...","timestamp":"2018-08-25T15:04:41.895Z"}
{"message":"Cast to ObjectId failed for value \"5b8143fd3c2d7414fd2d778\" at path \"_id\" for model \"Genre\"","stack":"CastError: Cast to ObjectId failed for value \"5b8143fd3c2d7414fd2d778\" at path \"_id\" for model \"Genre\"\n    at new CastError (/home/pjeferson/Projects/JavaScript/rest-course/vidly/node_modules/mongoose/lib/error/cast.js:29:11)\n    at ObjectId.cast (/home/pjeferson/Projects/JavaScript/rest-course/vidly/node_modules/mongoose/lib/schema/objectid.js:155:13)\n    at ObjectId.SchemaType.applySetters (/home/pjeferson/Projects/JavaScript/rest-course/vidly/node_modules/mongoose/lib/schematype.js:750:12)\n    at ObjectId.SchemaType._castForQuery (/home/pjeferson/Projects/JavaScript/rest-course/vidly/node_modules/mongoose/lib/schematype.js:1139:15)\n    at ObjectId.SchemaType.castForQuery (/home/pjeferson/Projects/JavaScript/rest-course/vidly/node_modules/mongoose/lib/schematype.js:1129:15)\n    at ObjectId.SchemaType.castForQueryWrapper (/home/pjeferson/Projects/JavaScript/rest-course/vidly/node_modules/mongoose/lib/schematype.js:1108:15)\n    at cast (/home/pjeferson/Projects/JavaScript/rest-course/vidly/node_modules/mongoose/lib/cast.js:303:32)\n    at model.Query.Query.cast (/home/pjeferson/Projects/JavaScript/rest-course/vidly/node_modules/mongoose/lib/query.js:3829:12)\n    at castQuery (/home/pjeferson/Projects/JavaScript/rest-course/vidly/node_modules/mongoose/lib/query.js:3702:18)\n    at model.Query.Query._findAndModify (/home/pjeferson/Projects/JavaScript/rest-course/vidly/node_modules/mongoose/lib/query.js:2907:17)\n    at model.Query.Query._findOneAndRemove (/home/pjeferson/Projects/JavaScript/rest-course/vidly/node_modules/mongoose/lib/query.js:2866:8)\n    at process.nextTick (/home/pjeferson/Projects/JavaScript/rest-course/vidly/node_modules/kareem/index.js:333:33)\n    at _combinedTickCallback (internal/process/next_tick.js:131:7)\n    at process._tickCallback (internal/process/next_tick.js:180:9)","name":"CastError","stringValue":"\"5b8143fd3c2d7414fd2d778\"","kind":"ObjectId","value":"5b8143fd3c2d7414fd2d778","path":"_id","level":"error","timestamp":"2018-08-25T15:04:51.190Z"}
{"level":"info","message":"Listening on port 3000...","timestamp":"2018-08-25T15:05:10.842Z"}
{"level":"info","message":"Connected to MongoDB...","timestamp":"2018-08-25T15:05:11.067Z"}
{"message":"Cast to ObjectId failed for value \"5b8143fd3c2d7414fd2d778\" at path \"_id\" for model \"Genre\"","stack":"CastError: Cast to ObjectId failed for value \"5b8143fd3c2d7414fd2d778\" at path \"_id\" for model \"Genre\"\n    at new CastError (/home/pjeferson/Projects/JavaScript/rest-course/vidly/node_modules/mongoose/lib/error/cast.js:29:11)\n    at ObjectId.cast (/home/pjeferson/Projects/JavaScript/rest-course/vidly/node_modules/mongoose/lib/schema/objectid.js:155:13)\n    at ObjectId.SchemaType.applySetters (/home/pjeferson/Projects/JavaScript/rest-course/vidly/node_modules/mongoose/lib/schematype.js:750:12)\n    at ObjectId.SchemaType._castForQuery (/home/pjeferson/Projects/JavaScript/rest-course/vidly/node_modules/mongoose/lib/schematype.js:1139:15)\n    at ObjectId.SchemaType.castForQuery (/home/pjeferson/Projects/JavaScript/rest-course/vidly/node_modules/mongoose/lib/schematype.js:1129:15)\n    at ObjectId.SchemaType.castForQueryWrapper (/home/pjeferson/Projects/JavaScript/rest-course/vidly/node_modules/mongoose/lib/schematype.js:1108:15)\n    at cast (/home/pjeferson/Projects/JavaScript/rest-course/vidly/node_modules/mongoose/lib/cast.js:303:32)\n    at model.Query.Query.cast (/home/pjeferson/Projects/JavaScript/rest-course/vidly/node_modules/mongoose/lib/query.js:3829:12)\n    at castQuery (/home/pjeferson/Projects/JavaScript/rest-course/vidly/node_modules/mongoose/lib/query.js:3702:18)\n    at model.Query.Query._findAndModify (/home/pjeferson/Projects/JavaScript/rest-course/vidly/node_modules/mongoose/lib/query.js:2907:17)\n    at model.Query.Query._findOneAndRemove (/home/pjeferson/Projects/JavaScript/rest-course/vidly/node_modules/mongoose/lib/query.js:2866:8)\n    at process.nextTick (/home/pjeferson/Projects/JavaScript/rest-course/vidly/node_modules/kareem/index.js:333:33)\n    at _combinedTickCallback (internal/process/next_tick.js:131:7)\n    at process._tickCallback (internal/process/next_tick.js:180:9)","name":"CastError","stringValue":"\"5b8143fd3c2d7414fd2d778\"","kind":"ObjectId","value":"5b8143fd3c2d7414fd2d778","path":"_id","level":"error","timestamp":"2018-08-25T15:05:22.629Z"}
{"level":"info","message":"Listening on port 3000...","timestamp":"2018-08-25T15:05:43.455Z"}
{"level":"info","message":"Connected to MongoDB...","timestamp":"2018-08-25T15:05:43.658Z"}
{"level":"info","message":"Listening on port 3000...","timestamp":"2018-08-25T15:05:59.078Z"}
{"level":"info","message":"Listening on port 3000...","timestamp":"2018-08-25T15:07:03.335Z"}
{"level":"info","message":"Connected to MongoDB...","timestamp":"2018-08-25T15:07:03.542Z"}
{"level":"info","message":"Listening on port 3000...","timestamp":"2018-08-31T23:35:38.421Z"}
{"level":"info","message":"Listening on port 3000...","timestamp":"2018-08-31T23:36:17.425Z"}
{"level":"info","message":"Connected to mongodb://localhost/vidly...","timestamp":"2018-08-31T23:36:17.504Z"}
{"level":"info","message":"Listening on port 3000...","timestamp":"2018-08-31T23:45:57.105Z"}
{"level":"info","message":"Connected to mongodb://localhost/vidly_tests...","timestamp":"2018-08-31T23:45:57.212Z"}
{"level":"info","message":"Listening on port 3000...","timestamp":"2018-08-31T23:53:29.311Z"}
{"level":"info","message":"Connected to mongodb://localhost/vidly_tests...","timestamp":"2018-08-31T23:53:29.427Z"}
{"level":"info","message":"Listening on port 3000...","timestamp":"2018-08-31T23:57:30.703Z"}
{"level":"info","message":"Connected to mongodb://localhost/vidly_tests...","timestamp":"2018-08-31T23:57:30.823Z"}
{"level":"info","message":"Listening on port 3000...","timestamp":"2018-08-31T23:59:01.426Z"}
{"level":"info","message":"Connected to mongodb://localhost/vidly_tests...","timestamp":"2018-08-31T23:59:01.552Z"}
{"level":"info","message":"Listening on port 3000...","timestamp":"2018-09-01T00:00:04.536Z"}
{"level":"info","message":"Connected to mongodb://localhost/vidly_tests...","timestamp":"2018-09-01T00:00:04.662Z"}
{"level":"info","message":"Listening on port 3000...","timestamp":"2018-09-01T00:05:52.065Z"}
{"level":"info","message":"Connected to mongodb://localhost/vidly_tests...","timestamp":"2018-09-01T00:05:52.197Z"}
{"level":"info","message":"Listening on port 3000...","timestamp":"2018-09-01T00:08:27.951Z"}
{"level":"info","message":"Connected to mongodb://localhost/vidly_tests...","timestamp":"2018-09-01T00:08:28.075Z"}
{"message":"Cast to ObjectId failed for value \"1\" at path \"_id\" for model \"Genre\"","stack":"CastError: Cast to ObjectId failed for value \"1\" at path \"_id\" for model \"Genre\"\n    at new CastError (/home/pjeferson/Projects/JavaScript/rest-course/vidly/node_modules/mongoose/lib/error/cast.js:29:11)\n    at ObjectId.Object.<anonymous>.ObjectId.cast (/home/pjeferson/Projects/JavaScript/rest-course/vidly/node_modules/mongoose/lib/schema/objectid.js:155:13)\n    at ObjectId.Object.<anonymous>.SchemaType.applySetters (/home/pjeferson/Projects/JavaScript/rest-course/vidly/node_modules/mongoose/lib/schematype.js:750:12)\n    at ObjectId.Object.<anonymous>.SchemaType._castForQuery (/home/pjeferson/Projects/JavaScript/rest-course/vidly/node_modules/mongoose/lib/schematype.js:1139:15)\n    at ObjectId.Object.<anonymous>.SchemaType.castForQuery (/home/pjeferson/Projects/JavaScript/rest-course/vidly/node_modules/mongoose/lib/schematype.js:1129:15)\n    at ObjectId.Object.<anonymous>.SchemaType.castForQueryWrapper (/home/pjeferson/Projects/JavaScript/rest-course/vidly/node_modules/mongoose/lib/schematype.js:1108:15)\n    at cast (/home/pjeferson/Projects/JavaScript/rest-course/vidly/node_modules/mongoose/lib/cast.js:303:32)\n    at model.Query.Object.<anonymous>.Query.cast (/home/pjeferson/Projects/JavaScript/rest-course/vidly/node_modules/mongoose/lib/query.js:3829:12)\n    at model.Query.Object.<anonymous>.Query._castConditions (/home/pjeferson/Projects/JavaScript/rest-course/vidly/node_modules/mongoose/lib/query.js:1622:10)\n    at model.Query.Object.<anonymous>.Query._findOne (/home/pjeferson/Projects/JavaScript/rest-course/vidly/node_modules/mongoose/lib/query.js:1853:8)\n    at process.nextTick (/home/pjeferson/Projects/JavaScript/rest-course/vidly/node_modules/kareem/index.js:333:33)\n    at _combinedTickCallback (internal/process/next_tick.js:131:7)\n    at process._tickCallback (internal/process/next_tick.js:180:9)","name":"CastError","stringValue":"\"1\"","kind":"ObjectId","value":"1","path":"_id","level":"error","timestamp":"2018-09-01T00:08:28.252Z"}
{"level":"info","message":"Listening on port 3000...","timestamp":"2018-09-01T00:10:20.570Z"}
{"level":"info","message":"Connected to mongodb://localhost/vidly_tests...","timestamp":"2018-09-01T00:10:20.696Z"}
{"message":"Cast to ObjectId failed for value \"1\" at path \"_id\" for model \"Genre\"","stack":"CastError: Cast to ObjectId failed for value \"1\" at path \"_id\" for model \"Genre\"\n    at new CastError (/home/pjeferson/Projects/JavaScript/rest-course/vidly/node_modules/mongoose/lib/error/cast.js:29:11)\n    at ObjectId.Object.<anonymous>.ObjectId.cast (/home/pjeferson/Projects/JavaScript/rest-course/vidly/node_modules/mongoose/lib/schema/objectid.js:155:13)\n    at ObjectId.Object.<anonymous>.SchemaType.applySetters (/home/pjeferson/Projects/JavaScript/rest-course/vidly/node_modules/mongoose/lib/schematype.js:750:12)\n    at ObjectId.Object.<anonymous>.SchemaType._castForQuery (/home/pjeferson/Projects/JavaScript/rest-course/vidly/node_modules/mongoose/lib/schematype.js:1139:15)\n    at ObjectId.Object.<anonymous>.SchemaType.castForQuery (/home/pjeferson/Projects/JavaScript/rest-course/vidly/node_modules/mongoose/lib/schematype.js:1129:15)\n    at ObjectId.Object.<anonymous>.SchemaType.castForQueryWrapper (/home/pjeferson/Projects/JavaScript/rest-course/vidly/node_modules/mongoose/lib/schematype.js:1108:15)\n    at cast (/home/pjeferson/Projects/JavaScript/rest-course/vidly/node_modules/mongoose/lib/cast.js:303:32)\n    at model.Query.Object.<anonymous>.Query.cast (/home/pjeferson/Projects/JavaScript/rest-course/vidly/node_modules/mongoose/lib/query.js:3829:12)\n    at model.Query.Object.<anonymous>.Query._castConditions (/home/pjeferson/Projects/JavaScript/rest-course/vidly/node_modules/mongoose/lib/query.js:1622:10)\n    at model.Query.Object.<anonymous>.Query._findOne (/home/pjeferson/Projects/JavaScript/rest-course/vidly/node_modules/mongoose/lib/query.js:1853:8)\n    at process.nextTick (/home/pjeferson/Projects/JavaScript/rest-course/vidly/node_modules/kareem/index.js:333:33)\n    at _combinedTickCallback (internal/process/next_tick.js:131:7)\n    at process._tickCallback (internal/process/next_tick.js:180:9)","name":"CastError","stringValue":"\"1\"","kind":"ObjectId","value":"1","path":"_id","level":"error","timestamp":"2018-09-01T00:10:20.878Z"}
{"level":"info","message":"Listening on port 3000...","timestamp":"2018-09-01T00:14:46.072Z"}
{"level":"info","message":"Connected to mongodb://localhost/vidly_tests...","timestamp":"2018-09-01T00:14:46.365Z"}
{"message":"mongoose is not defined","stack":"ReferenceError: mongoose is not defined\n    at Object.<anonymous>.router.get (/home/pjeferson/Projects/JavaScript/rest-course/vidly/routes/genres.js:47:5)\n    at newFn (/home/pjeferson/Projects/JavaScript/rest-course/vidly/node_modules/express-async-errors/index.js:25:20)\n    at Layer.handle [as handle_request] (/home/pjeferson/Projects/JavaScript/rest-course/vidly/node_modules/express/lib/router/layer.js:95:5)\n    at next (/home/pjeferson/Projects/JavaScript/rest-course/vidly/node_modules/express/lib/router/route.js:137:13)\n    at Route.dispatch (/home/pjeferson/Projects/JavaScript/rest-course/vidly/node_modules/express/lib/router/route.js:112:3)\n    at newFn (/home/pjeferson/Projects/JavaScript/rest-course/vidly/node_modules/express-async-errors/index.js:25:20)\n    at Layer.handle [as handle_request] (/home/pjeferson/Projects/JavaScript/rest-course/vidly/node_modules/express/lib/router/layer.js:95:5)\n    at /home/pjeferson/Projects/JavaScript/rest-course/vidly/node_modules/express/lib/router/index.js:281:22\n    at param (/home/pjeferson/Projects/JavaScript/rest-course/vidly/node_modules/express/lib/router/index.js:354:14)\n    at param (/home/pjeferson/Projects/JavaScript/rest-course/vidly/node_modules/express/lib/router/index.js:365:14)\n    at Function.process_params (/home/pjeferson/Projects/JavaScript/rest-course/vidly/node_modules/express/lib/router/index.js:410:3)\n    at next (/home/pjeferson/Projects/JavaScript/rest-course/vidly/node_modules/express/lib/router/index.js:275:10)\n    at Function.handle (/home/pjeferson/Projects/JavaScript/rest-course/vidly/node_modules/express/lib/router/index.js:174:3)\n    at router (/home/pjeferson/Projects/JavaScript/rest-course/vidly/node_modules/express/lib/router/index.js:47:12)\n    at newFn (/home/pjeferson/Projects/JavaScript/rest-course/vidly/node_modules/express-async-errors/index.js:25:20)\n    at Layer.handle [as handle_request] (/home/pjeferson/Projects/JavaScript/rest-course/vidly/node_modules/express/lib/router/layer.js:95:5)\n    at trim_prefix (/home/pjeferson/Projects/JavaScript/rest-course/vidly/node_modules/express/lib/router/index.js:317:13)\n    at /home/pjeferson/Projects/JavaScript/rest-course/vidly/node_modules/express/lib/router/index.js:284:7\n    at Function.process_params (/home/pjeferson/Projects/JavaScript/rest-course/vidly/node_modules/express/lib/router/index.js:335:12)\n    at next (/home/pjeferson/Projects/JavaScript/rest-course/vidly/node_modules/express/lib/router/index.js:275:10)\n    at jsonParser (/home/pjeferson/Projects/JavaScript/rest-course/vidly/node_modules/body-parser/lib/types/json.js:109:7)\n    at newFn (/home/pjeferson/Projects/JavaScript/rest-course/vidly/node_modules/express-async-errors/index.js:25:20)\n    at Layer.handle [as handle_request] (/home/pjeferson/Projects/JavaScript/rest-course/vidly/node_modules/express/lib/router/layer.js:95:5)\n    at trim_prefix (/home/pjeferson/Projects/JavaScript/rest-course/vidly/node_modules/express/lib/router/index.js:317:13)\n    at /home/pjeferson/Projects/JavaScript/rest-course/vidly/node_modules/express/lib/router/index.js:284:7\n    at Function.process_params (/home/pjeferson/Projects/JavaScript/rest-course/vidly/node_modules/express/lib/router/index.js:335:12)\n    at next (/home/pjeferson/Projects/JavaScript/rest-course/vidly/node_modules/express/lib/router/index.js:275:10)\n    at expressInit (/home/pjeferson/Projects/JavaScript/rest-course/vidly/node_modules/express/lib/middleware/init.js:40:5)\n    at newFn (/home/pjeferson/Projects/JavaScript/rest-course/vidly/node_modules/express-async-errors/index.js:25:20)\n    at Layer.handle [as handle_request] (/home/pjeferson/Projects/JavaScript/rest-course/vidly/node_modules/express/lib/router/layer.js:95:5)\n    at trim_prefix (/home/pjeferson/Projects/JavaScript/rest-course/vidly/node_modules/express/lib/router/index.js:317:13)\n    at /home/pjeferson/Projects/JavaScript/rest-course/vidly/node_modules/express/lib/router/index.js:284:7\n    at Function.process_params (/home/pjeferson/Projects/JavaScript/rest-course/vidly/node_modules/express/lib/router/index.js:335:12)\n    at next (/home/pjeferson/Projects/JavaScript/rest-course/vidly/node_modules/express/lib/router/index.js:275:10)\n    at query (/home/pjeferson/Projects/JavaScript/rest-course/vidly/node_modules/express/lib/middleware/query.js:45:5)\n    at newFn (/home/pjeferson/Projects/JavaScript/rest-course/vidly/node_modules/express-async-errors/index.js:25:20)\n    at Layer.handle [as handle_request] (/home/pjeferson/Projects/JavaScript/rest-course/vidly/node_modules/express/lib/router/layer.js:95:5)\n    at trim_prefix (/home/pjeferson/Projects/JavaScript/rest-course/vidly/node_modules/express/lib/router/index.js:317:13)\n    at /home/pjeferson/Projects/JavaScript/rest-course/vidly/node_modules/express/lib/router/index.js:284:7\n    at Function.process_params (/home/pjeferson/Projects/JavaScript/rest-course/vidly/node_modules/express/lib/router/index.js:335:12)\n    at next (/home/pjeferson/Projects/JavaScript/rest-course/vidly/node_modules/express/lib/router/index.js:275:10)\n    at Function.handle (/home/pjeferson/Projects/JavaScript/rest-course/vidly/node_modules/express/lib/router/index.js:174:3)\n    at Function.handle (/home/pjeferson/Projects/JavaScript/rest-course/vidly/node_modules/express/lib/application.js:174:10)\n    at Server.app (/home/pjeferson/Projects/JavaScript/rest-course/vidly/node_modules/express/lib/express.js:39:9)\n    at emitTwo (events.js:126:13)\n    at Server.emit (events.js:214:7)\n    at parserOnIncoming (_http_server.js:619:12)\n    at HTTPParser.parserOnHeadersComplete (_http_common.js:115:23)","level":"error","timestamp":"2018-09-01T00:14:46.514Z"}
{"message":"mongoose is not defined","stack":"ReferenceError: mongoose is not defined\n    at Object.<anonymous>.router.get (/home/pjeferson/Projects/JavaScript/rest-course/vidly/routes/genres.js:47:5)\n    at newFn (/home/pjeferson/Projects/JavaScript/rest-course/vidly/node_modules/express-async-errors/index.js:25:20)\n    at Layer.handle [as handle_request] (/home/pjeferson/Projects/JavaScript/rest-course/vidly/node_modules/express/lib/router/layer.js:95:5)\n    at next (/home/pjeferson/Projects/JavaScript/rest-course/vidly/node_modules/express/lib/router/route.js:137:13)\n    at Route.dispatch (/home/pjeferson/Projects/JavaScript/rest-course/vidly/node_modules/express/lib/router/route.js:112:3)\n    at newFn (/home/pjeferson/Projects/JavaScript/rest-course/vidly/node_modules/express-async-errors/index.js:25:20)\n    at Layer.handle [as handle_request] (/home/pjeferson/Projects/JavaScript/rest-course/vidly/node_modules/express/lib/router/layer.js:95:5)\n    at /home/pjeferson/Projects/JavaScript/rest-course/vidly/node_modules/express/lib/router/index.js:281:22\n    at param (/home/pjeferson/Projects/JavaScript/rest-course/vidly/node_modules/express/lib/router/index.js:354:14)\n    at param (/home/pjeferson/Projects/JavaScript/rest-course/vidly/node_modules/express/lib/router/index.js:365:14)\n    at Function.process_params (/home/pjeferson/Projects/JavaScript/rest-course/vidly/node_modules/express/lib/router/index.js:410:3)\n    at next (/home/pjeferson/Projects/JavaScript/rest-course/vidly/node_modules/express/lib/router/index.js:275:10)\n    at Function.handle (/home/pjeferson/Projects/JavaScript/rest-course/vidly/node_modules/express/lib/router/index.js:174:3)\n    at router (/home/pjeferson/Projects/JavaScript/rest-course/vidly/node_modules/express/lib/router/index.js:47:12)\n    at newFn (/home/pjeferson/Projects/JavaScript/rest-course/vidly/node_modules/express-async-errors/index.js:25:20)\n    at Layer.handle [as handle_request] (/home/pjeferson/Projects/JavaScript/rest-course/vidly/node_modules/express/lib/router/layer.js:95:5)\n    at trim_prefix (/home/pjeferson/Projects/JavaScript/rest-course/vidly/node_modules/express/lib/router/index.js:317:13)\n    at /home/pjeferson/Projects/JavaScript/rest-course/vidly/node_modules/express/lib/router/index.js:284:7\n    at Function.process_params (/home/pjeferson/Projects/JavaScript/rest-course/vidly/node_modules/express/lib/router/index.js:335:12)\n    at next (/home/pjeferson/Projects/JavaScript/rest-course/vidly/node_modules/express/lib/router/index.js:275:10)\n    at jsonParser (/home/pjeferson/Projects/JavaScript/rest-course/vidly/node_modules/body-parser/lib/types/json.js:109:7)\n    at newFn (/home/pjeferson/Projects/JavaScript/rest-course/vidly/node_modules/express-async-errors/index.js:25:20)\n    at Layer.handle [as handle_request] (/home/pjeferson/Projects/JavaScript/rest-course/vidly/node_modules/express/lib/router/layer.js:95:5)\n    at trim_prefix (/home/pjeferson/Projects/JavaScript/rest-course/vidly/node_modules/express/lib/router/index.js:317:13)\n    at /home/pjeferson/Projects/JavaScript/rest-course/vidly/node_modules/express/lib/router/index.js:284:7\n    at Function.process_params (/home/pjeferson/Projects/JavaScript/rest-course/vidly/node_modules/express/lib/router/index.js:335:12)\n    at next (/home/pjeferson/Projects/JavaScript/rest-course/vidly/node_modules/express/lib/router/index.js:275:10)\n    at expressInit (/home/pjeferson/Projects/JavaScript/rest-course/vidly/node_modules/express/lib/middleware/init.js:40:5)\n    at newFn (/home/pjeferson/Projects/JavaScript/rest-course/vidly/node_modules/express-async-errors/index.js:25:20)\n    at Layer.handle [as handle_request] (/home/pjeferson/Projects/JavaScript/rest-course/vidly/node_modules/express/lib/router/layer.js:95:5)\n    at trim_prefix (/home/pjeferson/Projects/JavaScript/rest-course/vidly/node_modules/express/lib/router/index.js:317:13)\n    at /home/pjeferson/Projects/JavaScript/rest-course/vidly/node_modules/express/lib/router/index.js:284:7\n    at Function.process_params (/home/pjeferson/Projects/JavaScript/rest-course/vidly/node_modules/express/lib/router/index.js:335:12)\n    at next (/home/pjeferson/Projects/JavaScript/rest-course/vidly/node_modules/express/lib/router/index.js:275:10)\n    at query (/home/pjeferson/Projects/JavaScript/rest-course/vidly/node_modules/express/lib/middleware/query.js:45:5)\n    at newFn (/home/pjeferson/Projects/JavaScript/rest-course/vidly/node_modules/express-async-errors/index.js:25:20)\n    at Layer.handle [as handle_request] (/home/pjeferson/Projects/JavaScript/rest-course/vidly/node_modules/express/lib/router/layer.js:95:5)\n    at trim_prefix (/home/pjeferson/Projects/JavaScript/rest-course/vidly/node_modules/express/lib/router/index.js:317:13)\n    at /home/pjeferson/Projects/JavaScript/rest-course/vidly/node_modules/express/lib/router/index.js:284:7\n    at Function.process_params (/home/pjeferson/Projects/JavaScript/rest-course/vidly/node_modules/express/lib/router/index.js:335:12)\n    at next (/home/pjeferson/Projects/JavaScript/rest-course/vidly/node_modules/express/lib/router/index.js:275:10)\n    at Function.handle (/home/pjeferson/Projects/JavaScript/rest-course/vidly/node_modules/express/lib/router/index.js:174:3)\n    at Function.handle (/home/pjeferson/Projects/JavaScript/rest-course/vidly/node_modules/express/lib/application.js:174:10)\n    at Server.app (/home/pjeferson/Projects/JavaScript/rest-course/vidly/node_modules/express/lib/express.js:39:9)\n    at emitTwo (events.js:126:13)\n    at Server.emit (events.js:214:7)\n    at parserOnIncoming (_http_server.js:619:12)\n    at HTTPParser.parserOnHeadersComplete (_http_common.js:115:23)","level":"error","timestamp":"2018-09-01T00:14:46.540Z"}
{"level":"info","message":"Listening on port 3000...","timestamp":"2018-09-01T00:15:57.164Z"}
{"level":"info","message":"Connected to mongodb://localhost/vidly_tests...","timestamp":"2018-09-01T00:15:57.450Z"}
{"level":"info","message":"Listening on port 3000...","timestamp":"2018-09-01T00:20:58.280Z"}
{"level":"info","message":"Connected to mongodb://localhost/vidly_tests...","timestamp":"2018-09-01T00:20:58.599Z"}
{"level":"info","message":"Listening on port 3000...","timestamp":"2018-09-01T00:32:38.694Z"}
{"level":"info","message":"Connected to mongodb://localhost/vidly_tests...","timestamp":"2018-09-01T00:32:39.023Z"}
{"level":"info","message":"Listening on port 3000...","timestamp":"2018-09-01T12:28:18.360Z"}
{"level":"info","message":"Listening on port 3000...","timestamp":"2018-09-01T12:28:56.329Z"}
{"level":"info","message":"Connected to mongodb://localhost/vidly_tests...","timestamp":"2018-09-01T12:28:56.451Z"}
{"level":"info","message":"Listening on port 3000...","timestamp":"2018-09-01T12:34:07.476Z"}
{"level":"info","message":"Connected to mongodb://localhost/vidly_tests...","timestamp":"2018-09-01T12:34:07.605Z"}
{"level":"info","message":"Listening on port 3000...","timestamp":"2018-09-01T12:37:12.444Z"}
{"level":"info","message":"Connected to mongodb://localhost/vidly_tests...","timestamp":"2018-09-01T12:37:12.565Z"}
{"level":"info","message":"Listening on port 3000...","timestamp":"2018-09-01T12:40:35.377Z"}
{"level":"info","message":"Connected to mongodb://localhost/vidly_tests...","timestamp":"2018-09-01T12:40:35.495Z"}
{"level":"info","message":"Listening on port 3000...","timestamp":"2018-09-01T12:41:27.909Z"}
{"level":"info","message":"Connected to mongodb://localhost/vidly_tests...","timestamp":"2018-09-01T12:41:28.034Z"}
{"level":"info","message":"Listening on port 3000...","timestamp":"2018-09-01T12:43:38.872Z"}
{"level":"info","message":"Connected to mongodb://localhost/vidly_tests...","timestamp":"2018-09-01T12:43:38.995Z"}
{"level":"info","message":"Listening on port 3000...","timestamp":"2018-09-01T12:53:31.286Z"}
{"level":"info","message":"Connected to mongodb://localhost/vidly_tests...","timestamp":"2018-09-01T12:53:31.406Z"}
{"level":"info","message":"Listening on port 3000...","timestamp":"2018-09-01T13:09:00.084Z"}
{"level":"info","message":"Listening on port 3000...","timestamp":"2018-09-01T13:09:00.088Z"}
{"level":"info","message":"Connected to mongodb://localhost/vidly_tests...","timestamp":"2018-09-01T13:09:00.248Z"}
{"level":"info","message":"Connected to mongodb://localhost/vidly_tests...","timestamp":"2018-09-01T13:09:00.278Z"}
{"level":"info","message":"Listening on port 3000...","timestamp":"2018-09-01T13:15:00.587Z"}
{"level":"info","message":"Listening on port 3000...","timestamp":"2018-09-01T13:15:00.629Z"}
{"level":"info","message":"Connected to mongodb://localhost/vidly_tests...","timestamp":"2018-09-01T13:15:00.727Z"}
{"level":"info","message":"Connected to mongodb://localhost/vidly_tests...","timestamp":"2018-09-01T13:15:00.797Z"}
{"level":"info","message":"Listening on port 3000...","timestamp":"2018-09-01T13:16:49.465Z"}
{"level":"info","message":"Connected to mongodb://localhost/vidly_tests...","timestamp":"2018-09-01T13:16:49.607Z"}
{"level":"info","message":"Listening on port 3000...","timestamp":"2018-09-01T13:16:50.375Z"}
{"level":"info","message":"Listening on port 3000...","timestamp":"2018-09-01T13:18:51.631Z"}
{"level":"info","message":"Connected to mongodb://localhost/vidly_tests...","timestamp":"2018-09-01T13:18:51.768Z"}
{"level":"info","message":"Listening on port 3000...","timestamp":"2018-09-01T13:18:52.331Z"}
{"level":"info","message":"Connected to mongodb://localhost/vidly_tests...","timestamp":"2018-09-01T13:18:52.502Z"}
{"level":"info","message":"Listening on port 3000...","timestamp":"2018-09-01T13:20:52.794Z"}
{"level":"info","message":"Connected to mongodb://localhost/vidly_tests...","timestamp":"2018-09-01T13:20:52.967Z"}
{"level":"info","message":"Listening on port 3000...","timestamp":"2018-09-01T13:20:53.097Z"}
{"level":"info","message":"Connected to mongodb://localhost/vidly_tests...","timestamp":"2018-09-01T13:20:53.222Z"}
{"level":"info","message":"Listening on port 3000...","timestamp":"2018-09-01T13:37:43.615Z"}
{"level":"info","message":"Listening on port 3000...","timestamp":"2018-09-01T13:37:43.626Z"}
{"level":"info","message":"Connected to mongodb://localhost/vidly_tests...","timestamp":"2018-09-01T13:37:43.801Z"}
{"level":"info","message":"Connected to mongodb://localhost/vidly_tests...","timestamp":"2018-09-01T13:37:43.804Z"}
{"level":"info","message":"Listening on port 3000...","timestamp":"2018-09-01T13:39:02.552Z"}
{"level":"info","message":"Connected to mongodb://localhost/vidly_tests...","timestamp":"2018-09-01T13:39:02.695Z"}
{"level":"info","message":"Listening on port 3000...","timestamp":"2018-09-01T13:39:02.728Z"}
{"level":"info","message":"Connected to mongodb://localhost/vidly_tests...","timestamp":"2018-09-01T13:39:02.976Z"}
{"level":"info","message":"Listening on port 3000...","timestamp":"2018-09-01T13:41:17.407Z"}
{"level":"info","message":"Connected to mongodb://localhost/vidly_tests...","timestamp":"2018-09-01T13:41:17.642Z"}
{"level":"info","message":"Listening on port 3000...","timestamp":"2018-09-01T13:41:17.722Z"}
{"level":"info","message":"Connected to mongodb://localhost/vidly_tests...","timestamp":"2018-09-01T13:41:17.861Z"}
{"level":"info","message":"Listening on port 3000...","timestamp":"2018-09-01T13:41:51.196Z"}
{"level":"info","message":"Listening on port 3000...","timestamp":"2018-09-01T13:41:51.302Z"}
{"level":"info","message":"Connected to mongodb://localhost/vidly_tests...","timestamp":"2018-09-01T13:41:51.416Z"}
{"level":"info","message":"Connected to mongodb://localhost/vidly_tests...","timestamp":"2018-09-01T13:41:51.506Z"}
{"level":"info","message":"Listening on port 3000...","timestamp":"2018-09-01T13:43:01.728Z"}
{"level":"info","message":"Listening on port 3000...","timestamp":"2018-09-01T13:43:01.818Z"}
{"level":"info","message":"Connected to mongodb://localhost/vidly_tests...","timestamp":"2018-09-01T13:43:01.954Z"}
{"level":"info","message":"Connected to mongodb://localhost/vidly_tests...","timestamp":"2018-09-01T13:43:02.005Z"}
{"level":"info","message":"Listening on port 3000...","timestamp":"2018-09-01T13:44:22.354Z"}
{"level":"info","message":"Connected to mongodb://localhost/vidly_tests...","timestamp":"2018-09-01T13:44:22.526Z"}
{"level":"info","message":"Listening on port 3000...","timestamp":"2018-09-01T13:44:23.385Z"}
{"level":"info","message":"Connected to mongodb://localhost/vidly_tests...","timestamp":"2018-09-01T13:44:23.558Z"}
{"level":"info","message":"Listening on port 3000...","timestamp":"2018-09-01T13:47:58.014Z"}
{"level":"info","message":"Listening on port 3000...","timestamp":"2018-09-01T13:47:58.047Z"}
{"level":"info","message":"Connected to mongodb://localhost/vidly_tests...","timestamp":"2018-09-01T13:47:58.258Z"}
{"level":"info","message":"Connected to mongodb://localhost/vidly_tests...","timestamp":"2018-09-01T13:47:58.284Z"}
{"level":"info","message":"Listening on port 3000...","timestamp":"2018-09-01T13:48:55.621Z"}
{"level":"info","message":"Connected to mongodb://localhost/vidly_tests...","timestamp":"2018-09-01T13:48:55.871Z"}
{"level":"info","message":"Listening on port 3000...","timestamp":"2018-09-01T13:48:56.564Z"}
{"level":"info","message":"Connected to mongodb://localhost/vidly_tests...","timestamp":"2018-09-01T13:48:56.702Z"}
{"level":"info","message":"Listening on port 3000...","timestamp":"2018-09-01T13:50:14.213Z"}
{"level":"info","message":"Listening on port 3000...","timestamp":"2018-09-01T13:50:14.306Z"}
{"level":"info","message":"Connected to mongodb://localhost/vidly_tests...","timestamp":"2018-09-01T13:50:14.395Z"}
{"level":"info","message":"Connected to mongodb://localhost/vidly_tests...","timestamp":"2018-09-01T13:50:14.459Z"}
{"level":"info","message":"Listening on port 3000...","timestamp":"2018-09-01T13:52:06.670Z"}
{"level":"info","message":"Listening on port 3000...","timestamp":"2018-09-01T13:52:06.742Z"}
{"level":"info","message":"Connected to mongodb://localhost/vidly_tests...","timestamp":"2018-09-01T13:52:06.835Z"}
{"level":"info","message":"Connected to mongodb://localhost/vidly_tests...","timestamp":"2018-09-01T13:52:06.891Z"}
{"level":"info","message":"Listening on port 3000...","timestamp":"2018-09-01T13:53:57.844Z"}
{"level":"info","message":"Listening on port 3000...","timestamp":"2018-09-01T13:53:57.924Z"}
{"level":"info","message":"Connected to mongodb://localhost/vidly_tests...","timestamp":"2018-09-01T13:53:58.048Z"}
{"level":"info","message":"Connected to mongodb://localhost/vidly_tests...","timestamp":"2018-09-01T13:53:58.103Z"}
{"level":"info","message":"Listening on port 3000...","timestamp":"2018-09-01T14:05:13.981Z"}
{"level":"info","message":"Connected to mongodb://localhost/vidly_tests...","timestamp":"2018-09-01T14:05:14.198Z"}
{"level":"info","message":"Listening on port 3000...","timestamp":"2018-09-01T14:05:15.072Z"}
{"level":"info","message":"Connected to mongodb://localhost/vidly_tests...","timestamp":"2018-09-01T14:05:15.191Z"}
{"level":"info","message":"Listening on port 3000...","timestamp":"2018-09-01T14:05:54.264Z"}
{"level":"info","message":"Connected to mongodb://localhost/vidly_tests...","timestamp":"2018-09-01T14:05:54.491Z"}
{"level":"info","message":"Listening on port 3000...","timestamp":"2018-09-01T14:05:55.050Z"}
{"level":"info","message":"Connected to mongodb://localhost/vidly_tests...","timestamp":"2018-09-01T14:05:55.184Z"}
